<?xml version="1.0" encoding="UTF-8"?>
<!-- Generated by org.testng.reporters.JUnitReportReporter -->
<testsuite hostname="DESKTOP-T57P5HU" failures="0" tests="5" name="executionEngine.TestScript_Keyword" time="665.597" errors="0" timestamp="2023-06-07T15:54:47 ICT" skipped="0">
  <testcase classname="executionEngine.TestScript_Keyword" name="excute_Register" time="234.126"/>
  <system-out/>
  <testcase classname="executionEngine.TestScript_Keyword" name="excute_Login" time="164.758"/>
  <system-out/>
  <testcase classname="executionEngine.TestScript_Keyword" name="excute_Search" time="111.729"/>
  <system-out/>
  <testcase classname="executionEngine.TestScript_Keyword" name="excute_Cart" time="84.063"/>
  <system-out/>
  <testcase classname="executionEngine.TestScript_Keyword" name="excute_Order" time="70.921"/>
  <system-out/>
</testsuite> <!-- executionEngine.TestScript_Keyword -->
